[2025-01-17 18:37:20] laravel.EMERGENCY: Unable to create configured logger. Using emergency logger. {"exception":"[object] (InvalidArgumentException(code: 0): Log [] is not defined. at /Users/developer2024/Documents/agung/auth_app/auth_be/vendor/laravel/framework/src/Illuminate/Log/LogManager.php:232)
[stacktrace]
#0 /Users/developer2024/Documents/agung/auth_app/auth_be/vendor/laravel/framework/src/Illuminate/Log/LogManager.php(139): Illuminate\\Log\\LogManager->resolve('', NULL)
#1 /Users/developer2024/Documents/agung/auth_app/auth_be/vendor/laravel/framework/src/Illuminate/Log/LogManager.php(126): Illuminate\\Log\\LogManager->get('')
#2 /Users/developer2024/Documents/agung/auth_app/auth_be/vendor/laravel/framework/src/Illuminate/Log/LogManager.php(701): Illuminate\\Log\\LogManager->driver()
#3 /Users/developer2024/Documents/agung/auth_app/auth_be/vendor/laravel/framework/src/Illuminate/Foundation/Exceptions/Handler.php(380): Illuminate\\Log\\LogManager->error('Class \"Tymon\\\\JW...', Array)
#4 /Users/developer2024/Documents/agung/auth_app/auth_be/vendor/laravel/framework/src/Illuminate/Foundation/Exceptions/Handler.php(343): Illuminate\\Foundation\\Exceptions\\Handler->reportThrowable(Object(Error))
#5 /Users/developer2024/Documents/agung/auth_app/auth_be/vendor/laravel/framework/src/Illuminate/Foundation/Console/Kernel.php(621): Illuminate\\Foundation\\Exceptions\\Handler->report(Object(Error))
#6 /Users/developer2024/Documents/agung/auth_app/auth_be/vendor/laravel/framework/src/Illuminate/Foundation/Console/Kernel.php(200): Illuminate\\Foundation\\Console\\Kernel->reportException(Object(Error))
#7 /Users/developer2024/Documents/agung/auth_app/auth_be/vendor/laravel/framework/src/Illuminate/Foundation/Application.php(1208): Illuminate\\Foundation\\Console\\Kernel->handle(Object(Symfony\\Component\\Console\\Input\\ArgvInput), Object(Symfony\\Component\\Console\\Output\\ConsoleOutput))
#8 /Users/developer2024/Documents/agung/auth_app/auth_be/artisan(13): Illuminate\\Foundation\\Application->handleCommand(Object(Symfony\\Component\\Console\\Input\\ArgvInput))
#9 {main}
"} 
[2025-01-17 18:37:20] laravel.ERROR: Class "Tymon\JWTAuth\Providers\JWT\Provider" not found {"exception":"[object] (Error(code: 0): Class \"Tymon\\JWTAuth\\Providers\\JWT\\Provider\" not found at /Users/developer2024/Documents/agung/auth_app/auth_be/config/jwt.php:134)
[stacktrace]
#0 /Users/developer2024/Documents/agung/auth_app/auth_be/vendor/laravel/framework/src/Illuminate/Foundation/Bootstrap/LoadConfiguration.php(96): require()
#1 /Users/developer2024/Documents/agung/auth_app/auth_be/vendor/laravel/framework/src/Illuminate/Foundation/Bootstrap/LoadConfiguration.php(96): Illuminate\\Foundation\\Bootstrap\\LoadConfiguration->{closure:Illuminate\\Foundation\\Bootstrap\\LoadConfiguration::loadConfigurationFile():96}()
#2 /Users/developer2024/Documents/agung/auth_app/auth_be/vendor/laravel/framework/src/Illuminate/Foundation/Bootstrap/LoadConfiguration.php(77): Illuminate\\Foundation\\Bootstrap\\LoadConfiguration->loadConfigurationFile(Object(Illuminate\\Config\\Repository), 'jwt', '/Users/develope...', Array)
#3 /Users/developer2024/Documents/agung/auth_app/auth_be/vendor/laravel/framework/src/Illuminate/Foundation/Bootstrap/LoadConfiguration.php(38): Illuminate\\Foundation\\Bootstrap\\LoadConfiguration->loadConfigurationFiles(Object(Illuminate\\Foundation\\Application), Object(Illuminate\\Config\\Repository))
#4 /Users/developer2024/Documents/agung/auth_app/auth_be/vendor/laravel/framework/src/Illuminate/Foundation/Application.php(319): Illuminate\\Foundation\\Bootstrap\\LoadConfiguration->bootstrap(Object(Illuminate\\Foundation\\Application))
#5 /Users/developer2024/Documents/agung/auth_app/auth_be/vendor/laravel/framework/src/Illuminate/Foundation/Console/Kernel.php(474): Illuminate\\Foundation\\Application->bootstrapWith(Array)
#6 /Users/developer2024/Documents/agung/auth_app/auth_be/vendor/laravel/framework/src/Illuminate/Foundation/Console/Kernel.php(196): Illuminate\\Foundation\\Console\\Kernel->bootstrap()
#7 /Users/developer2024/Documents/agung/auth_app/auth_be/vendor/laravel/framework/src/Illuminate/Foundation/Application.php(1208): Illuminate\\Foundation\\Console\\Kernel->handle(Object(Symfony\\Component\\Console\\Input\\ArgvInput), Object(Symfony\\Component\\Console\\Output\\ConsoleOutput))
#8 /Users/developer2024/Documents/agung/auth_app/auth_be/artisan(13): Illuminate\\Foundation\\Application->handleCommand(Object(Symfony\\Component\\Console\\Input\\ArgvInput))
#9 {main}
"} 
[2025-01-17 18:37:56] laravel.EMERGENCY: Unable to create configured logger. Using emergency logger. {"exception":"[object] (InvalidArgumentException(code: 0): Log [] is not defined. at /Users/developer2024/Documents/agung/auth_app/auth_be/vendor/laravel/framework/src/Illuminate/Log/LogManager.php:232)
[stacktrace]
#0 /Users/developer2024/Documents/agung/auth_app/auth_be/vendor/laravel/framework/src/Illuminate/Log/LogManager.php(139): Illuminate\\Log\\LogManager->resolve('', NULL)
#1 /Users/developer2024/Documents/agung/auth_app/auth_be/vendor/laravel/framework/src/Illuminate/Log/LogManager.php(126): Illuminate\\Log\\LogManager->get('')
#2 /Users/developer2024/Documents/agung/auth_app/auth_be/vendor/laravel/framework/src/Illuminate/Log/LogManager.php(701): Illuminate\\Log\\LogManager->driver()
#3 /Users/developer2024/Documents/agung/auth_app/auth_be/vendor/laravel/framework/src/Illuminate/Foundation/Exceptions/Handler.php(380): Illuminate\\Log\\LogManager->error('Class \"Tymon\\\\JW...', Array)
#4 /Users/developer2024/Documents/agung/auth_app/auth_be/vendor/laravel/framework/src/Illuminate/Foundation/Exceptions/Handler.php(343): Illuminate\\Foundation\\Exceptions\\Handler->reportThrowable(Object(Error))
#5 /Users/developer2024/Documents/agung/auth_app/auth_be/vendor/laravel/framework/src/Illuminate/Foundation/Console/Kernel.php(621): Illuminate\\Foundation\\Exceptions\\Handler->report(Object(Error))
#6 /Users/developer2024/Documents/agung/auth_app/auth_be/vendor/laravel/framework/src/Illuminate/Foundation/Console/Kernel.php(200): Illuminate\\Foundation\\Console\\Kernel->reportException(Object(Error))
#7 Command line code(1): Illuminate\\Foundation\\Console\\Kernel->handle(Object(Symfony\\Component\\Console\\Input\\ArgvInput), Object(Symfony\\Component\\Console\\Output\\ConsoleOutput))
#8 {main}
"} 
[2025-01-17 18:37:56] laravel.EMERGENCY: Unable to create configured logger. Using emergency logger. {"exception":"[object] (InvalidArgumentException(code: 0): Log [] is not defined. at /Users/developer2024/Documents/agung/auth_app/auth_be/vendor/laravel/framework/src/Illuminate/Log/LogManager.php:232)
[stacktrace]
#0 /Users/developer2024/Documents/agung/auth_app/auth_be/vendor/laravel/framework/src/Illuminate/Log/LogManager.php(139): Illuminate\\Log\\LogManager->resolve('', NULL)
#1 /Users/developer2024/Documents/agung/auth_app/auth_be/vendor/laravel/framework/src/Illuminate/Log/LogManager.php(126): Illuminate\\Log\\LogManager->get('')
#2 /Users/developer2024/Documents/agung/auth_app/auth_be/vendor/laravel/framework/src/Illuminate/Log/LogManager.php(701): Illuminate\\Log\\LogManager->driver()
#3 /Users/developer2024/Documents/agung/auth_app/auth_be/vendor/laravel/framework/src/Illuminate/Foundation/Exceptions/Handler.php(380): Illuminate\\Log\\LogManager->error('Class \"Tymon\\\\JW...', Array)
#4 /Users/developer2024/Documents/agung/auth_app/auth_be/vendor/laravel/framework/src/Illuminate/Foundation/Exceptions/Handler.php(343): Illuminate\\Foundation\\Exceptions\\Handler->reportThrowable(Object(Error))
#5 /Users/developer2024/Documents/agung/auth_app/auth_be/vendor/laravel/framework/src/Illuminate/Foundation/Console/Kernel.php(621): Illuminate\\Foundation\\Exceptions\\Handler->report(Object(Error))
#6 /Users/developer2024/Documents/agung/auth_app/auth_be/vendor/laravel/framework/src/Illuminate/Foundation/Console/Kernel.php(200): Illuminate\\Foundation\\Console\\Kernel->reportException(Object(Error))
#7 Command line code(1): Illuminate\\Foundation\\Console\\Kernel->handle(Object(Symfony\\Component\\Console\\Input\\ArgvInput), Object(Symfony\\Component\\Console\\Output\\ConsoleOutput))
#8 {main}
"} 
[2025-01-17 18:37:56] laravel.ERROR: Class "Tymon\JWTAuth\Providers\JWT\Provider" not found {"exception":"[object] (Error(code: 0): Class \"Tymon\\JWTAuth\\Providers\\JWT\\Provider\" not found at /Users/developer2024/Documents/agung/auth_app/auth_be/config/jwt.php:134)
[stacktrace]
#0 /Users/developer2024/Documents/agung/auth_app/auth_be/vendor/laravel/framework/src/Illuminate/Foundation/Bootstrap/LoadConfiguration.php(96): require()
#1 /Users/developer2024/Documents/agung/auth_app/auth_be/vendor/laravel/framework/src/Illuminate/Foundation/Bootstrap/LoadConfiguration.php(96): Illuminate\\Foundation\\Bootstrap\\LoadConfiguration->{closure:Illuminate\\Foundation\\Bootstrap\\LoadConfiguration::loadConfigurationFile():96}()
#2 /Users/developer2024/Documents/agung/auth_app/auth_be/vendor/laravel/framework/src/Illuminate/Foundation/Bootstrap/LoadConfiguration.php(77): Illuminate\\Foundation\\Bootstrap\\LoadConfiguration->loadConfigurationFile(Object(Illuminate\\Config\\Repository), 'jwt', '/Users/develope...', Array)
#3 /Users/developer2024/Documents/agung/auth_app/auth_be/vendor/laravel/framework/src/Illuminate/Foundation/Bootstrap/LoadConfiguration.php(38): Illuminate\\Foundation\\Bootstrap\\LoadConfiguration->loadConfigurationFiles(Object(Illuminate\\Foundation\\Application), Object(Illuminate\\Config\\Repository))
#4 /Users/developer2024/Documents/agung/auth_app/auth_be/vendor/laravel/framework/src/Illuminate/Foundation/Application.php(319): Illuminate\\Foundation\\Bootstrap\\LoadConfiguration->bootstrap(Object(Illuminate\\Foundation\\Application))
#5 /Users/developer2024/Documents/agung/auth_app/auth_be/vendor/laravel/framework/src/Illuminate/Foundation/Console/Kernel.php(474): Illuminate\\Foundation\\Application->bootstrapWith(Array)
#6 /Users/developer2024/Documents/agung/auth_app/auth_be/vendor/laravel/framework/src/Illuminate/Foundation/Console/Kernel.php(196): Illuminate\\Foundation\\Console\\Kernel->bootstrap()
#7 Command line code(1): Illuminate\\Foundation\\Console\\Kernel->handle(Object(Symfony\\Component\\Console\\Input\\ArgvInput), Object(Symfony\\Component\\Console\\Output\\ConsoleOutput))
#8 {main}
"} 
[2025-01-17 18:37:56] laravel.ERROR: Class "Tymon\JWTAuth\Providers\JWT\Provider" not found {"exception":"[object] (Error(code: 0): Class \"Tymon\\JWTAuth\\Providers\\JWT\\Provider\" not found at /Users/developer2024/Documents/agung/auth_app/auth_be/config/jwt.php:134)
[stacktrace]
#0 /Users/developer2024/Documents/agung/auth_app/auth_be/vendor/laravel/framework/src/Illuminate/Foundation/Bootstrap/LoadConfiguration.php(96): require()
#1 /Users/developer2024/Documents/agung/auth_app/auth_be/vendor/laravel/framework/src/Illuminate/Foundation/Bootstrap/LoadConfiguration.php(96): Illuminate\\Foundation\\Bootstrap\\LoadConfiguration->{closure:Illuminate\\Foundation\\Bootstrap\\LoadConfiguration::loadConfigurationFile():96}()
#2 /Users/developer2024/Documents/agung/auth_app/auth_be/vendor/laravel/framework/src/Illuminate/Foundation/Bootstrap/LoadConfiguration.php(77): Illuminate\\Foundation\\Bootstrap\\LoadConfiguration->loadConfigurationFile(Object(Illuminate\\Config\\Repository), 'jwt', '/Users/develope...', Array)
#3 /Users/developer2024/Documents/agung/auth_app/auth_be/vendor/laravel/framework/src/Illuminate/Foundation/Bootstrap/LoadConfiguration.php(38): Illuminate\\Foundation\\Bootstrap\\LoadConfiguration->loadConfigurationFiles(Object(Illuminate\\Foundation\\Application), Object(Illuminate\\Config\\Repository))
#4 /Users/developer2024/Documents/agung/auth_app/auth_be/vendor/laravel/framework/src/Illuminate/Foundation/Application.php(319): Illuminate\\Foundation\\Bootstrap\\LoadConfiguration->bootstrap(Object(Illuminate\\Foundation\\Application))
#5 /Users/developer2024/Documents/agung/auth_app/auth_be/vendor/laravel/framework/src/Illuminate/Foundation/Console/Kernel.php(474): Illuminate\\Foundation\\Application->bootstrapWith(Array)
#6 /Users/developer2024/Documents/agung/auth_app/auth_be/vendor/laravel/framework/src/Illuminate/Foundation/Console/Kernel.php(196): Illuminate\\Foundation\\Console\\Kernel->bootstrap()
#7 Command line code(1): Illuminate\\Foundation\\Console\\Kernel->handle(Object(Symfony\\Component\\Console\\Input\\ArgvInput), Object(Symfony\\Component\\Console\\Output\\ConsoleOutput))
#8 {main}
"} 
[2025-01-17 18:38:35] laravel.EMERGENCY: Unable to create configured logger. Using emergency logger. {"exception":"[object] (InvalidArgumentException(code: 0): Log [] is not defined. at /Users/developer2024/Documents/agung/auth_app/auth_be/vendor/laravel/framework/src/Illuminate/Log/LogManager.php:232)
[stacktrace]
#0 /Users/developer2024/Documents/agung/auth_app/auth_be/vendor/laravel/framework/src/Illuminate/Log/LogManager.php(139): Illuminate\\Log\\LogManager->resolve('', NULL)
#1 /Users/developer2024/Documents/agung/auth_app/auth_be/vendor/laravel/framework/src/Illuminate/Log/LogManager.php(126): Illuminate\\Log\\LogManager->get('')
#2 /Users/developer2024/Documents/agung/auth_app/auth_be/vendor/laravel/framework/src/Illuminate/Log/LogManager.php(701): Illuminate\\Log\\LogManager->driver()
#3 /Users/developer2024/Documents/agung/auth_app/auth_be/vendor/laravel/framework/src/Illuminate/Foundation/Exceptions/Handler.php(380): Illuminate\\Log\\LogManager->error('Class \"Tymon\\\\JW...', Array)
#4 /Users/developer2024/Documents/agung/auth_app/auth_be/vendor/laravel/framework/src/Illuminate/Foundation/Exceptions/Handler.php(343): Illuminate\\Foundation\\Exceptions\\Handler->reportThrowable(Object(Error))
#5 /Users/developer2024/Documents/agung/auth_app/auth_be/vendor/laravel/framework/src/Illuminate/Foundation/Console/Kernel.php(621): Illuminate\\Foundation\\Exceptions\\Handler->report(Object(Error))
#6 /Users/developer2024/Documents/agung/auth_app/auth_be/vendor/laravel/framework/src/Illuminate/Foundation/Console/Kernel.php(200): Illuminate\\Foundation\\Console\\Kernel->reportException(Object(Error))
#7 /Users/developer2024/Documents/agung/auth_app/auth_be/vendor/laravel/framework/src/Illuminate/Foundation/Application.php(1208): Illuminate\\Foundation\\Console\\Kernel->handle(Object(Symfony\\Component\\Console\\Input\\ArgvInput), Object(Symfony\\Component\\Console\\Output\\ConsoleOutput))
#8 /Users/developer2024/Documents/agung/auth_app/auth_be/artisan(13): Illuminate\\Foundation\\Application->handleCommand(Object(Symfony\\Component\\Console\\Input\\ArgvInput))
#9 {main}
"} 
[2025-01-17 18:38:35] laravel.ERROR: Class "Tymon\JWTAuth\Providers\JWT\Provider" not found {"exception":"[object] (Error(code: 0): Class \"Tymon\\JWTAuth\\Providers\\JWT\\Provider\" not found at /Users/developer2024/Documents/agung/auth_app/auth_be/config/jwt.php:134)
[stacktrace]
#0 /Users/developer2024/Documents/agung/auth_app/auth_be/vendor/laravel/framework/src/Illuminate/Foundation/Bootstrap/LoadConfiguration.php(96): require()
#1 /Users/developer2024/Documents/agung/auth_app/auth_be/vendor/laravel/framework/src/Illuminate/Foundation/Bootstrap/LoadConfiguration.php(96): Illuminate\\Foundation\\Bootstrap\\LoadConfiguration->{closure:Illuminate\\Foundation\\Bootstrap\\LoadConfiguration::loadConfigurationFile():96}()
#2 /Users/developer2024/Documents/agung/auth_app/auth_be/vendor/laravel/framework/src/Illuminate/Foundation/Bootstrap/LoadConfiguration.php(77): Illuminate\\Foundation\\Bootstrap\\LoadConfiguration->loadConfigurationFile(Object(Illuminate\\Config\\Repository), 'jwt', '/Users/develope...', Array)
#3 /Users/developer2024/Documents/agung/auth_app/auth_be/vendor/laravel/framework/src/Illuminate/Foundation/Bootstrap/LoadConfiguration.php(38): Illuminate\\Foundation\\Bootstrap\\LoadConfiguration->loadConfigurationFiles(Object(Illuminate\\Foundation\\Application), Object(Illuminate\\Config\\Repository))
#4 /Users/developer2024/Documents/agung/auth_app/auth_be/vendor/laravel/framework/src/Illuminate/Foundation/Application.php(319): Illuminate\\Foundation\\Bootstrap\\LoadConfiguration->bootstrap(Object(Illuminate\\Foundation\\Application))
#5 /Users/developer2024/Documents/agung/auth_app/auth_be/vendor/laravel/framework/src/Illuminate/Foundation/Console/Kernel.php(474): Illuminate\\Foundation\\Application->bootstrapWith(Array)
#6 /Users/developer2024/Documents/agung/auth_app/auth_be/vendor/laravel/framework/src/Illuminate/Foundation/Console/Kernel.php(196): Illuminate\\Foundation\\Console\\Kernel->bootstrap()
#7 /Users/developer2024/Documents/agung/auth_app/auth_be/vendor/laravel/framework/src/Illuminate/Foundation/Application.php(1208): Illuminate\\Foundation\\Console\\Kernel->handle(Object(Symfony\\Component\\Console\\Input\\ArgvInput), Object(Symfony\\Component\\Console\\Output\\ConsoleOutput))
#8 /Users/developer2024/Documents/agung/auth_app/auth_be/artisan(13): Illuminate\\Foundation\\Application->handleCommand(Object(Symfony\\Component\\Console\\Input\\ArgvInput))
#9 {main}
"} 
[2025-01-17 18:38:56] laravel.EMERGENCY: Unable to create configured logger. Using emergency logger. {"exception":"[object] (InvalidArgumentException(code: 0): Log [] is not defined. at /Users/developer2024/Documents/agung/auth_app/auth_be/vendor/laravel/framework/src/Illuminate/Log/LogManager.php:232)
[stacktrace]
#0 /Users/developer2024/Documents/agung/auth_app/auth_be/vendor/laravel/framework/src/Illuminate/Log/LogManager.php(139): Illuminate\\Log\\LogManager->resolve('', NULL)
#1 /Users/developer2024/Documents/agung/auth_app/auth_be/vendor/laravel/framework/src/Illuminate/Log/LogManager.php(126): Illuminate\\Log\\LogManager->get('')
#2 /Users/developer2024/Documents/agung/auth_app/auth_be/vendor/laravel/framework/src/Illuminate/Log/LogManager.php(701): Illuminate\\Log\\LogManager->driver()
#3 /Users/developer2024/Documents/agung/auth_app/auth_be/vendor/laravel/framework/src/Illuminate/Foundation/Exceptions/Handler.php(380): Illuminate\\Log\\LogManager->error('Class \"Tymon\\\\JW...', Array)
#4 /Users/developer2024/Documents/agung/auth_app/auth_be/vendor/laravel/framework/src/Illuminate/Foundation/Exceptions/Handler.php(343): Illuminate\\Foundation\\Exceptions\\Handler->reportThrowable(Object(Error))
#5 /Users/developer2024/Documents/agung/auth_app/auth_be/vendor/laravel/framework/src/Illuminate/Foundation/Console/Kernel.php(621): Illuminate\\Foundation\\Exceptions\\Handler->report(Object(Error))
#6 /Users/developer2024/Documents/agung/auth_app/auth_be/vendor/laravel/framework/src/Illuminate/Foundation/Console/Kernel.php(200): Illuminate\\Foundation\\Console\\Kernel->reportException(Object(Error))
#7 Command line code(1): Illuminate\\Foundation\\Console\\Kernel->handle(Object(Symfony\\Component\\Console\\Input\\ArgvInput), Object(Symfony\\Component\\Console\\Output\\ConsoleOutput))
#8 {main}
"} 
[2025-01-17 18:38:56] laravel.EMERGENCY: Unable to create configured logger. Using emergency logger. {"exception":"[object] (InvalidArgumentException(code: 0): Log [] is not defined. at /Users/developer2024/Documents/agung/auth_app/auth_be/vendor/laravel/framework/src/Illuminate/Log/LogManager.php:232)
[stacktrace]
#0 /Users/developer2024/Documents/agung/auth_app/auth_be/vendor/laravel/framework/src/Illuminate/Log/LogManager.php(139): Illuminate\\Log\\LogManager->resolve('', NULL)
#1 /Users/developer2024/Documents/agung/auth_app/auth_be/vendor/laravel/framework/src/Illuminate/Log/LogManager.php(126): Illuminate\\Log\\LogManager->get('')
#2 /Users/developer2024/Documents/agung/auth_app/auth_be/vendor/laravel/framework/src/Illuminate/Log/LogManager.php(701): Illuminate\\Log\\LogManager->driver()
#3 /Users/developer2024/Documents/agung/auth_app/auth_be/vendor/laravel/framework/src/Illuminate/Foundation/Exceptions/Handler.php(380): Illuminate\\Log\\LogManager->error('Class \"Tymon\\\\JW...', Array)
#4 /Users/developer2024/Documents/agung/auth_app/auth_be/vendor/laravel/framework/src/Illuminate/Foundation/Exceptions/Handler.php(343): Illuminate\\Foundation\\Exceptions\\Handler->reportThrowable(Object(Error))
#5 /Users/developer2024/Documents/agung/auth_app/auth_be/vendor/laravel/framework/src/Illuminate/Foundation/Console/Kernel.php(621): Illuminate\\Foundation\\Exceptions\\Handler->report(Object(Error))
#6 /Users/developer2024/Documents/agung/auth_app/auth_be/vendor/laravel/framework/src/Illuminate/Foundation/Console/Kernel.php(200): Illuminate\\Foundation\\Console\\Kernel->reportException(Object(Error))
#7 Command line code(1): Illuminate\\Foundation\\Console\\Kernel->handle(Object(Symfony\\Component\\Console\\Input\\ArgvInput), Object(Symfony\\Component\\Console\\Output\\ConsoleOutput))
#8 {main}
"} 
[2025-01-17 18:38:56] laravel.ERROR: Class "Tymon\JWTAuth\Providers\JWT\Provider" not found {"exception":"[object] (Error(code: 0): Class \"Tymon\\JWTAuth\\Providers\\JWT\\Provider\" not found at /Users/developer2024/Documents/agung/auth_app/auth_be/config/jwt.php:134)
[stacktrace]
#0 /Users/developer2024/Documents/agung/auth_app/auth_be/vendor/laravel/framework/src/Illuminate/Foundation/Bootstrap/LoadConfiguration.php(96): require()
#1 /Users/developer2024/Documents/agung/auth_app/auth_be/vendor/laravel/framework/src/Illuminate/Foundation/Bootstrap/LoadConfiguration.php(96): Illuminate\\Foundation\\Bootstrap\\LoadConfiguration->{closure:Illuminate\\Foundation\\Bootstrap\\LoadConfiguration::loadConfigurationFile():96}()
#2 /Users/developer2024/Documents/agung/auth_app/auth_be/vendor/laravel/framework/src/Illuminate/Foundation/Bootstrap/LoadConfiguration.php(77): Illuminate\\Foundation\\Bootstrap\\LoadConfiguration->loadConfigurationFile(Object(Illuminate\\Config\\Repository), 'jwt', '/Users/develope...', Array)
#3 /Users/developer2024/Documents/agung/auth_app/auth_be/vendor/laravel/framework/src/Illuminate/Foundation/Bootstrap/LoadConfiguration.php(38): Illuminate\\Foundation\\Bootstrap\\LoadConfiguration->loadConfigurationFiles(Object(Illuminate\\Foundation\\Application), Object(Illuminate\\Config\\Repository))
#4 /Users/developer2024/Documents/agung/auth_app/auth_be/vendor/laravel/framework/src/Illuminate/Foundation/Application.php(319): Illuminate\\Foundation\\Bootstrap\\LoadConfiguration->bootstrap(Object(Illuminate\\Foundation\\Application))
#5 /Users/developer2024/Documents/agung/auth_app/auth_be/vendor/laravel/framework/src/Illuminate/Foundation/Console/Kernel.php(474): Illuminate\\Foundation\\Application->bootstrapWith(Array)
#6 /Users/developer2024/Documents/agung/auth_app/auth_be/vendor/laravel/framework/src/Illuminate/Foundation/Console/Kernel.php(196): Illuminate\\Foundation\\Console\\Kernel->bootstrap()
#7 Command line code(1): Illuminate\\Foundation\\Console\\Kernel->handle(Object(Symfony\\Component\\Console\\Input\\ArgvInput), Object(Symfony\\Component\\Console\\Output\\ConsoleOutput))
#8 {main}
"} 
[2025-01-17 18:38:56] laravel.ERROR: Class "Tymon\JWTAuth\Providers\JWT\Provider" not found {"exception":"[object] (Error(code: 0): Class \"Tymon\\JWTAuth\\Providers\\JWT\\Provider\" not found at /Users/developer2024/Documents/agung/auth_app/auth_be/config/jwt.php:134)
[stacktrace]
#0 /Users/developer2024/Documents/agung/auth_app/auth_be/vendor/laravel/framework/src/Illuminate/Foundation/Bootstrap/LoadConfiguration.php(96): require()
#1 /Users/developer2024/Documents/agung/auth_app/auth_be/vendor/laravel/framework/src/Illuminate/Foundation/Bootstrap/LoadConfiguration.php(96): Illuminate\\Foundation\\Bootstrap\\LoadConfiguration->{closure:Illuminate\\Foundation\\Bootstrap\\LoadConfiguration::loadConfigurationFile():96}()
#2 /Users/developer2024/Documents/agung/auth_app/auth_be/vendor/laravel/framework/src/Illuminate/Foundation/Bootstrap/LoadConfiguration.php(77): Illuminate\\Foundation\\Bootstrap\\LoadConfiguration->loadConfigurationFile(Object(Illuminate\\Config\\Repository), 'jwt', '/Users/develope...', Array)
#3 /Users/developer2024/Documents/agung/auth_app/auth_be/vendor/laravel/framework/src/Illuminate/Foundation/Bootstrap/LoadConfiguration.php(38): Illuminate\\Foundation\\Bootstrap\\LoadConfiguration->loadConfigurationFiles(Object(Illuminate\\Foundation\\Application), Object(Illuminate\\Config\\Repository))
#4 /Users/developer2024/Documents/agung/auth_app/auth_be/vendor/laravel/framework/src/Illuminate/Foundation/Application.php(319): Illuminate\\Foundation\\Bootstrap\\LoadConfiguration->bootstrap(Object(Illuminate\\Foundation\\Application))
#5 /Users/developer2024/Documents/agung/auth_app/auth_be/vendor/laravel/framework/src/Illuminate/Foundation/Console/Kernel.php(474): Illuminate\\Foundation\\Application->bootstrapWith(Array)
#6 /Users/developer2024/Documents/agung/auth_app/auth_be/vendor/laravel/framework/src/Illuminate/Foundation/Console/Kernel.php(196): Illuminate\\Foundation\\Console\\Kernel->bootstrap()
#7 Command line code(1): Illuminate\\Foundation\\Console\\Kernel->handle(Object(Symfony\\Component\\Console\\Input\\ArgvInput), Object(Symfony\\Component\\Console\\Output\\ConsoleOutput))
#8 {main}
"} 
[2025-01-18 03:25:10] local.ERROR: Database file at path [auth_app] does not exist. Ensure this is an absolute path to the database. (Connection: sqlite, SQL: select count(*) as aggregate from "users" where "email" = test@gmail.com) {"exception":"[object] (Illuminate\\Database\\QueryException(code: 0): Database file at path [auth_app] does not exist. Ensure this is an absolute path to the database. (Connection: sqlite, SQL: select count(*) as aggregate from \"users\" where \"email\" = test@gmail.com) at /Users/developer2024/Documents/agung/auth_app/auth_be/vendor/laravel/framework/src/Illuminate/Database/Connection.php:825)
[stacktrace]
#0 /Users/developer2024/Documents/agung/auth_app/auth_be/vendor/laravel/framework/src/Illuminate/Database/Connection.php(779): Illuminate\\Database\\Connection->runQueryCallback('select count(*)...', Array, Object(Closure))
#1 /Users/developer2024/Documents/agung/auth_app/auth_be/vendor/laravel/framework/src/Illuminate/Database/Connection.php(398): Illuminate\\Database\\Connection->run('select count(*)...', Array, Object(Closure))
#2 /Users/developer2024/Documents/agung/auth_app/auth_be/vendor/laravel/framework/src/Illuminate/Database/Query/Builder.php(3133): Illuminate\\Database\\Connection->select('select count(*)...', Array, false)
#3 /Users/developer2024/Documents/agung/auth_app/auth_be/vendor/laravel/framework/src/Illuminate/Database/Query/Builder.php(3118): Illuminate\\Database\\Query\\Builder->runSelect()
#4 /Users/developer2024/Documents/agung/auth_app/auth_be/vendor/laravel/framework/src/Illuminate/Database/Query/Builder.php(3706): Illuminate\\Database\\Query\\Builder->{closure:Illuminate\\Database\\Query\\Builder::get():3117}()
#5 /Users/developer2024/Documents/agung/auth_app/auth_be/vendor/laravel/framework/src/Illuminate/Database/Query/Builder.php(3117): Illuminate\\Database\\Query\\Builder->onceWithColumns(Array, Object(Closure))
#6 /Users/developer2024/Documents/agung/auth_app/auth_be/vendor/laravel/framework/src/Illuminate/Database/Query/Builder.php(3633): Illuminate\\Database\\Query\\Builder->get(Array)
#7 /Users/developer2024/Documents/agung/auth_app/auth_be/vendor/laravel/framework/src/Illuminate/Database/Query/Builder.php(3561): Illuminate\\Database\\Query\\Builder->aggregate('count', Array)
#8 /Users/developer2024/Documents/agung/auth_app/auth_be/vendor/laravel/framework/src/Illuminate/Validation/DatabasePresenceVerifier.php(54): Illuminate\\Database\\Query\\Builder->count()
#9 /Users/developer2024/Documents/agung/auth_app/auth_be/vendor/laravel/framework/src/Illuminate/Validation/Concerns/ValidatesAttributes.php(1027): Illuminate\\Validation\\DatabasePresenceVerifier->getCount('users', 'email', 'test@gmail.com', NULL, NULL, Array)
#10 /Users/developer2024/Documents/agung/auth_app/auth_be/vendor/laravel/framework/src/Illuminate/Validation/Validator.php(682): Illuminate\\Validation\\Validator->validateUnique('email', 'test@gmail.com', Array, Object(Illuminate\\Validation\\Validator))
#11 /Users/developer2024/Documents/agung/auth_app/auth_be/vendor/laravel/framework/src/Illuminate/Validation/Validator.php(477): Illuminate\\Validation\\Validator->validateAttribute('email', 'Unique')
#12 /Users/developer2024/Documents/agung/auth_app/auth_be/vendor/laravel/framework/src/Illuminate/Validation/Validator.php(512): Illuminate\\Validation\\Validator->passes()
#13 /Users/developer2024/Documents/agung/auth_app/auth_be/app/Http/Controllers/API/AuthController.php(26): Illuminate\\Validation\\Validator->fails()
#14 /Users/developer2024/Documents/agung/auth_app/auth_be/vendor/laravel/framework/src/Illuminate/Routing/ControllerDispatcher.php(47): App\\Http\\Controllers\\API\\AuthController->register()
#15 /Users/developer2024/Documents/agung/auth_app/auth_be/vendor/laravel/framework/src/Illuminate/Routing/Route.php(266): Illuminate\\Routing\\ControllerDispatcher->dispatch(Object(Illuminate\\Routing\\Route), Object(App\\Http\\Controllers\\API\\AuthController), 'register')
#16 /Users/developer2024/Documents/agung/auth_app/auth_be/vendor/laravel/framework/src/Illuminate/Routing/Route.php(212): Illuminate\\Routing\\Route->runController()
#17 /Users/developer2024/Documents/agung/auth_app/auth_be/vendor/laravel/framework/src/Illuminate/Routing/Router.php(808): Illuminate\\Routing\\Route->run()
#18 /Users/developer2024/Documents/agung/auth_app/auth_be/vendor/laravel/framework/src/Illuminate/Pipeline/Pipeline.php(170): Illuminate\\Routing\\Router->{closure:Illuminate\\Routing\\Router::runRouteWithinStack():807}(Object(Illuminate\\Http\\Request))
#19 /Users/developer2024/Documents/agung/auth_app/auth_be/vendor/laravel/framework/src/Illuminate/Routing/Middleware/SubstituteBindings.php(51): Illuminate\\Pipeline\\Pipeline->{closure:Illuminate\\Pipeline\\Pipeline::prepareDestination():168}(Object(Illuminate\\Http\\Request))
#20 /Users/developer2024/Documents/agung/auth_app/auth_be/vendor/laravel/framework/src/Illuminate/Pipeline/Pipeline.php(209): Illuminate\\Routing\\Middleware\\SubstituteBindings->handle(Object(Illuminate\\Http\\Request), Object(Closure))
#21 /Users/developer2024/Documents/agung/auth_app/auth_be/vendor/laravel/framework/src/Illuminate/Pipeline/Pipeline.php(127): Illuminate\\Pipeline\\Pipeline->{closure:{closure:Illuminate\\Pipeline\\Pipeline::carry():184}:185}(Object(Illuminate\\Http\\Request))
#22 /Users/developer2024/Documents/agung/auth_app/auth_be/vendor/laravel/framework/src/Illuminate/Routing/Router.php(807): Illuminate\\Pipeline\\Pipeline->then(Object(Closure))
#23 /Users/developer2024/Documents/agung/auth_app/auth_be/vendor/laravel/framework/src/Illuminate/Routing/Router.php(786): Illuminate\\Routing\\Router->runRouteWithinStack(Object(Illuminate\\Routing\\Route), Object(Illuminate\\Http\\Request))
#24 /Users/developer2024/Documents/agung/auth_app/auth_be/vendor/laravel/framework/src/Illuminate/Routing/Router.php(750): Illuminate\\Routing\\Router->runRoute(Object(Illuminate\\Http\\Request), Object(Illuminate\\Routing\\Route))
#25 /Users/developer2024/Documents/agung/auth_app/auth_be/vendor/laravel/framework/src/Illuminate/Routing/Router.php(739): Illuminate\\Routing\\Router->dispatchToRoute(Object(Illuminate\\Http\\Request))
#26 /Users/developer2024/Documents/agung/auth_app/auth_be/vendor/laravel/framework/src/Illuminate/Foundation/Http/Kernel.php(201): Illuminate\\Routing\\Router->dispatch(Object(Illuminate\\Http\\Request))
#27 /Users/developer2024/Documents/agung/auth_app/auth_be/vendor/laravel/framework/src/Illuminate/Pipeline/Pipeline.php(170): Illuminate\\Foundation\\Http\\Kernel->{closure:Illuminate\\Foundation\\Http\\Kernel::dispatchToRouter():198}(Object(Illuminate\\Http\\Request))
#28 /Users/developer2024/Documents/agung/auth_app/auth_be/vendor/laravel/framework/src/Illuminate/Foundation/Http/Middleware/TransformsRequest.php(21): Illuminate\\Pipeline\\Pipeline->{closure:Illuminate\\Pipeline\\Pipeline::prepareDestination():168}(Object(Illuminate\\Http\\Request))
#29 /Users/developer2024/Documents/agung/auth_app/auth_be/vendor/laravel/framework/src/Illuminate/Foundation/Http/Middleware/ConvertEmptyStringsToNull.php(31): Illuminate\\Foundation\\Http\\Middleware\\TransformsRequest->handle(Object(Illuminate\\Http\\Request), Object(Closure))
#30 /Users/developer2024/Documents/agung/auth_app/auth_be/vendor/laravel/framework/src/Illuminate/Pipeline/Pipeline.php(209): Illuminate\\Foundation\\Http\\Middleware\\ConvertEmptyStringsToNull->handle(Object(Illuminate\\Http\\Request), Object(Closure))
#31 /Users/developer2024/Documents/agung/auth_app/auth_be/vendor/laravel/framework/src/Illuminate/Foundation/Http/Middleware/TransformsRequest.php(21): Illuminate\\Pipeline\\Pipeline->{closure:{closure:Illuminate\\Pipeline\\Pipeline::carry():184}:185}(Object(Illuminate\\Http\\Request))
#32 /Users/developer2024/Documents/agung/auth_app/auth_be/vendor/laravel/framework/src/Illuminate/Foundation/Http/Middleware/TrimStrings.php(51): Illuminate\\Foundation\\Http\\Middleware\\TransformsRequest->handle(Object(Illuminate\\Http\\Request), Object(Closure))
#33 /Users/developer2024/Documents/agung/auth_app/auth_be/vendor/laravel/framework/src/Illuminate/Pipeline/Pipeline.php(209): Illuminate\\Foundation\\Http\\Middleware\\TrimStrings->handle(Object(Illuminate\\Http\\Request), Object(Closure))
#34 /Users/developer2024/Documents/agung/auth_app/auth_be/vendor/laravel/framework/src/Illuminate/Http/Middleware/ValidatePostSize.php(27): Illuminate\\Pipeline\\Pipeline->{closure:{closure:Illuminate\\Pipeline\\Pipeline::carry():184}:185}(Object(Illuminate\\Http\\Request))
#35 /Users/developer2024/Documents/agung/auth_app/auth_be/vendor/laravel/framework/src/Illuminate/Pipeline/Pipeline.php(209): Illuminate\\Http\\Middleware\\ValidatePostSize->handle(Object(Illuminate\\Http\\Request), Object(Closure))
#36 /Users/developer2024/Documents/agung/auth_app/auth_be/vendor/laravel/framework/src/Illuminate/Foundation/Http/Middleware/PreventRequestsDuringMaintenance.php(110): Illuminate\\Pipeline\\Pipeline->{closure:{closure:Illuminate\\Pipeline\\Pipeline::carry():184}:185}(Object(Illuminate\\Http\\Request))
#37 /Users/developer2024/Documents/agung/auth_app/auth_be/vendor/laravel/framework/src/Illuminate/Pipeline/Pipeline.php(209): Illuminate\\Foundation\\Http\\Middleware\\PreventRequestsDuringMaintenance->handle(Object(Illuminate\\Http\\Request), Object(Closure))
#38 /Users/developer2024/Documents/agung/auth_app/auth_be/vendor/laravel/framework/src/Illuminate/Http/Middleware/HandleCors.php(62): Illuminate\\Pipeline\\Pipeline->{closure:{closure:Illuminate\\Pipeline\\Pipeline::carry():184}:185}(Object(Illuminate\\Http\\Request))
#39 /Users/developer2024/Documents/agung/auth_app/auth_be/vendor/laravel/framework/src/Illuminate/Pipeline/Pipeline.php(209): Illuminate\\Http\\Middleware\\HandleCors->handle(Object(Illuminate\\Http\\Request), Object(Closure))
#40 /Users/developer2024/Documents/agung/auth_app/auth_be/vendor/laravel/framework/src/Illuminate/Http/Middleware/TrustProxies.php(58): Illuminate\\Pipeline\\Pipeline->{closure:{closure:Illuminate\\Pipeline\\Pipeline::carry():184}:185}(Object(Illuminate\\Http\\Request))
#41 /Users/developer2024/Documents/agung/auth_app/auth_be/vendor/laravel/framework/src/Illuminate/Pipeline/Pipeline.php(209): Illuminate\\Http\\Middleware\\TrustProxies->handle(Object(Illuminate\\Http\\Request), Object(Closure))
#42 /Users/developer2024/Documents/agung/auth_app/auth_be/vendor/laravel/framework/src/Illuminate/Foundation/Http/Middleware/InvokeDeferredCallbacks.php(22): Illuminate\\Pipeline\\Pipeline->{closure:{closure:Illuminate\\Pipeline\\Pipeline::carry():184}:185}(Object(Illuminate\\Http\\Request))
#43 /Users/developer2024/Documents/agung/auth_app/auth_be/vendor/laravel/framework/src/Illuminate/Pipeline/Pipeline.php(209): Illuminate\\Foundation\\Http\\Middleware\\InvokeDeferredCallbacks->handle(Object(Illuminate\\Http\\Request), Object(Closure))
#44 /Users/developer2024/Documents/agung/auth_app/auth_be/vendor/laravel/framework/src/Illuminate/Pipeline/Pipeline.php(127): Illuminate\\Pipeline\\Pipeline->{closure:{closure:Illuminate\\Pipeline\\Pipeline::carry():184}:185}(Object(Illuminate\\Http\\Request))
#45 /Users/developer2024/Documents/agung/auth_app/auth_be/vendor/laravel/framework/src/Illuminate/Foundation/Http/Kernel.php(176): Illuminate\\Pipeline\\Pipeline->then(Object(Closure))
#46 /Users/developer2024/Documents/agung/auth_app/auth_be/vendor/laravel/framework/src/Illuminate/Foundation/Http/Kernel.php(145): Illuminate\\Foundation\\Http\\Kernel->sendRequestThroughRouter(Object(Illuminate\\Http\\Request))
#47 /Users/developer2024/Documents/agung/auth_app/auth_be/vendor/laravel/framework/src/Illuminate/Foundation/Application.php(1193): Illuminate\\Foundation\\Http\\Kernel->handle(Object(Illuminate\\Http\\Request))
#48 /Users/developer2024/Documents/agung/auth_app/auth_be/public/index.php(17): Illuminate\\Foundation\\Application->handleRequest(Object(Illuminate\\Http\\Request))
#49 /Users/developer2024/Documents/agung/auth_app/auth_be/vendor/laravel/framework/src/Illuminate/Foundation/resources/server.php(23): require_once('/Users/develope...')
#50 {main}

[previous exception] [object] (Illuminate\\Database\\SQLiteDatabaseDoesNotExistException(code: 0): Database file at path [auth_app] does not exist. Ensure this is an absolute path to the database. at /Users/developer2024/Documents/agung/auth_app/auth_be/vendor/laravel/framework/src/Illuminate/Database/Connectors/SQLiteConnector.php:37)
[stacktrace]
#0 /Users/developer2024/Documents/agung/auth_app/auth_be/vendor/laravel/framework/src/Illuminate/Database/Connectors/ConnectionFactory.php(224): Illuminate\\Database\\Connectors\\SQLiteConnector->connect(Array)
#1 [internal function]: Illuminate\\Database\\Connectors\\ConnectionFactory->{closure:Illuminate\\Database\\Connectors\\ConnectionFactory::createPdoResolverWithoutHosts():224}()
#2 /Users/developer2024/Documents/agung/auth_app/auth_be/vendor/laravel/framework/src/Illuminate/Database/Connection.php(1231): call_user_func(Object(Closure))
#3 /Users/developer2024/Documents/agung/auth_app/auth_be/vendor/laravel/framework/src/Illuminate/Database/Connection.php(512): Illuminate\\Database\\Connection->getPdo()
#4 /Users/developer2024/Documents/agung/auth_app/auth_be/vendor/laravel/framework/src/Illuminate/Database/Connection.php(407): Illuminate\\Database\\Connection->getPdoForSelect(false)
#5 /Users/developer2024/Documents/agung/auth_app/auth_be/vendor/laravel/framework/src/Illuminate/Database/Connection.php(812): Illuminate\\Database\\Connection->{closure:Illuminate\\Database\\Connection::select():398}('select count(*)...', Array)
#6 /Users/developer2024/Documents/agung/auth_app/auth_be/vendor/laravel/framework/src/Illuminate/Database/Connection.php(779): Illuminate\\Database\\Connection->runQueryCallback('select count(*)...', Array, Object(Closure))
#7 /Users/developer2024/Documents/agung/auth_app/auth_be/vendor/laravel/framework/src/Illuminate/Database/Connection.php(398): Illuminate\\Database\\Connection->run('select count(*)...', Array, Object(Closure))
#8 /Users/developer2024/Documents/agung/auth_app/auth_be/vendor/laravel/framework/src/Illuminate/Database/Query/Builder.php(3133): Illuminate\\Database\\Connection->select('select count(*)...', Array, false)
#9 /Users/developer2024/Documents/agung/auth_app/auth_be/vendor/laravel/framework/src/Illuminate/Database/Query/Builder.php(3118): Illuminate\\Database\\Query\\Builder->runSelect()
#10 /Users/developer2024/Documents/agung/auth_app/auth_be/vendor/laravel/framework/src/Illuminate/Database/Query/Builder.php(3706): Illuminate\\Database\\Query\\Builder->{closure:Illuminate\\Database\\Query\\Builder::get():3117}()
#11 /Users/developer2024/Documents/agung/auth_app/auth_be/vendor/laravel/framework/src/Illuminate/Database/Query/Builder.php(3117): Illuminate\\Database\\Query\\Builder->onceWithColumns(Array, Object(Closure))
#12 /Users/developer2024/Documents/agung/auth_app/auth_be/vendor/laravel/framework/src/Illuminate/Database/Query/Builder.php(3633): Illuminate\\Database\\Query\\Builder->get(Array)
#13 /Users/developer2024/Documents/agung/auth_app/auth_be/vendor/laravel/framework/src/Illuminate/Database/Query/Builder.php(3561): Illuminate\\Database\\Query\\Builder->aggregate('count', Array)
#14 /Users/developer2024/Documents/agung/auth_app/auth_be/vendor/laravel/framework/src/Illuminate/Validation/DatabasePresenceVerifier.php(54): Illuminate\\Database\\Query\\Builder->count()
#15 /Users/developer2024/Documents/agung/auth_app/auth_be/vendor/laravel/framework/src/Illuminate/Validation/Concerns/ValidatesAttributes.php(1027): Illuminate\\Validation\\DatabasePresenceVerifier->getCount('users', 'email', 'test@gmail.com', NULL, NULL, Array)
#16 /Users/developer2024/Documents/agung/auth_app/auth_be/vendor/laravel/framework/src/Illuminate/Validation/Validator.php(682): Illuminate\\Validation\\Validator->validateUnique('email', 'test@gmail.com', Array, Object(Illuminate\\Validation\\Validator))
#17 /Users/developer2024/Documents/agung/auth_app/auth_be/vendor/laravel/framework/src/Illuminate/Validation/Validator.php(477): Illuminate\\Validation\\Validator->validateAttribute('email', 'Unique')
#18 /Users/developer2024/Documents/agung/auth_app/auth_be/vendor/laravel/framework/src/Illuminate/Validation/Validator.php(512): Illuminate\\Validation\\Validator->passes()
#19 /Users/developer2024/Documents/agung/auth_app/auth_be/app/Http/Controllers/API/AuthController.php(26): Illuminate\\Validation\\Validator->fails()
#20 /Users/developer2024/Documents/agung/auth_app/auth_be/vendor/laravel/framework/src/Illuminate/Routing/ControllerDispatcher.php(47): App\\Http\\Controllers\\API\\AuthController->register()
#21 /Users/developer2024/Documents/agung/auth_app/auth_be/vendor/laravel/framework/src/Illuminate/Routing/Route.php(266): Illuminate\\Routing\\ControllerDispatcher->dispatch(Object(Illuminate\\Routing\\Route), Object(App\\Http\\Controllers\\API\\AuthController), 'register')
#22 /Users/developer2024/Documents/agung/auth_app/auth_be/vendor/laravel/framework/src/Illuminate/Routing/Route.php(212): Illuminate\\Routing\\Route->runController()
#23 /Users/developer2024/Documents/agung/auth_app/auth_be/vendor/laravel/framework/src/Illuminate/Routing/Router.php(808): Illuminate\\Routing\\Route->run()
#24 /Users/developer2024/Documents/agung/auth_app/auth_be/vendor/laravel/framework/src/Illuminate/Pipeline/Pipeline.php(170): Illuminate\\Routing\\Router->{closure:Illuminate\\Routing\\Router::runRouteWithinStack():807}(Object(Illuminate\\Http\\Request))
#25 /Users/developer2024/Documents/agung/auth_app/auth_be/vendor/laravel/framework/src/Illuminate/Routing/Middleware/SubstituteBindings.php(51): Illuminate\\Pipeline\\Pipeline->{closure:Illuminate\\Pipeline\\Pipeline::prepareDestination():168}(Object(Illuminate\\Http\\Request))
#26 /Users/developer2024/Documents/agung/auth_app/auth_be/vendor/laravel/framework/src/Illuminate/Pipeline/Pipeline.php(209): Illuminate\\Routing\\Middleware\\SubstituteBindings->handle(Object(Illuminate\\Http\\Request), Object(Closure))
#27 /Users/developer2024/Documents/agung/auth_app/auth_be/vendor/laravel/framework/src/Illuminate/Pipeline/Pipeline.php(127): Illuminate\\Pipeline\\Pipeline->{closure:{closure:Illuminate\\Pipeline\\Pipeline::carry():184}:185}(Object(Illuminate\\Http\\Request))
#28 /Users/developer2024/Documents/agung/auth_app/auth_be/vendor/laravel/framework/src/Illuminate/Routing/Router.php(807): Illuminate\\Pipeline\\Pipeline->then(Object(Closure))
#29 /Users/developer2024/Documents/agung/auth_app/auth_be/vendor/laravel/framework/src/Illuminate/Routing/Router.php(786): Illuminate\\Routing\\Router->runRouteWithinStack(Object(Illuminate\\Routing\\Route), Object(Illuminate\\Http\\Request))
#30 /Users/developer2024/Documents/agung/auth_app/auth_be/vendor/laravel/framework/src/Illuminate/Routing/Router.php(750): Illuminate\\Routing\\Router->runRoute(Object(Illuminate\\Http\\Request), Object(Illuminate\\Routing\\Route))
#31 /Users/developer2024/Documents/agung/auth_app/auth_be/vendor/laravel/framework/src/Illuminate/Routing/Router.php(739): Illuminate\\Routing\\Router->dispatchToRoute(Object(Illuminate\\Http\\Request))
#32 /Users/developer2024/Documents/agung/auth_app/auth_be/vendor/laravel/framework/src/Illuminate/Foundation/Http/Kernel.php(201): Illuminate\\Routing\\Router->dispatch(Object(Illuminate\\Http\\Request))
#33 /Users/developer2024/Documents/agung/auth_app/auth_be/vendor/laravel/framework/src/Illuminate/Pipeline/Pipeline.php(170): Illuminate\\Foundation\\Http\\Kernel->{closure:Illuminate\\Foundation\\Http\\Kernel::dispatchToRouter():198}(Object(Illuminate\\Http\\Request))
#34 /Users/developer2024/Documents/agung/auth_app/auth_be/vendor/laravel/framework/src/Illuminate/Foundation/Http/Middleware/TransformsRequest.php(21): Illuminate\\Pipeline\\Pipeline->{closure:Illuminate\\Pipeline\\Pipeline::prepareDestination():168}(Object(Illuminate\\Http\\Request))
#35 /Users/developer2024/Documents/agung/auth_app/auth_be/vendor/laravel/framework/src/Illuminate/Foundation/Http/Middleware/ConvertEmptyStringsToNull.php(31): Illuminate\\Foundation\\Http\\Middleware\\TransformsRequest->handle(Object(Illuminate\\Http\\Request), Object(Closure))
#36 /Users/developer2024/Documents/agung/auth_app/auth_be/vendor/laravel/framework/src/Illuminate/Pipeline/Pipeline.php(209): Illuminate\\Foundation\\Http\\Middleware\\ConvertEmptyStringsToNull->handle(Object(Illuminate\\Http\\Request), Object(Closure))
#37 /Users/developer2024/Documents/agung/auth_app/auth_be/vendor/laravel/framework/src/Illuminate/Foundation/Http/Middleware/TransformsRequest.php(21): Illuminate\\Pipeline\\Pipeline->{closure:{closure:Illuminate\\Pipeline\\Pipeline::carry():184}:185}(Object(Illuminate\\Http\\Request))
#38 /Users/developer2024/Documents/agung/auth_app/auth_be/vendor/laravel/framework/src/Illuminate/Foundation/Http/Middleware/TrimStrings.php(51): Illuminate\\Foundation\\Http\\Middleware\\TransformsRequest->handle(Object(Illuminate\\Http\\Request), Object(Closure))
#39 /Users/developer2024/Documents/agung/auth_app/auth_be/vendor/laravel/framework/src/Illuminate/Pipeline/Pipeline.php(209): Illuminate\\Foundation\\Http\\Middleware\\TrimStrings->handle(Object(Illuminate\\Http\\Request), Object(Closure))
#40 /Users/developer2024/Documents/agung/auth_app/auth_be/vendor/laravel/framework/src/Illuminate/Http/Middleware/ValidatePostSize.php(27): Illuminate\\Pipeline\\Pipeline->{closure:{closure:Illuminate\\Pipeline\\Pipeline::carry():184}:185}(Object(Illuminate\\Http\\Request))
#41 /Users/developer2024/Documents/agung/auth_app/auth_be/vendor/laravel/framework/src/Illuminate/Pipeline/Pipeline.php(209): Illuminate\\Http\\Middleware\\ValidatePostSize->handle(Object(Illuminate\\Http\\Request), Object(Closure))
#42 /Users/developer2024/Documents/agung/auth_app/auth_be/vendor/laravel/framework/src/Illuminate/Foundation/Http/Middleware/PreventRequestsDuringMaintenance.php(110): Illuminate\\Pipeline\\Pipeline->{closure:{closure:Illuminate\\Pipeline\\Pipeline::carry():184}:185}(Object(Illuminate\\Http\\Request))
#43 /Users/developer2024/Documents/agung/auth_app/auth_be/vendor/laravel/framework/src/Illuminate/Pipeline/Pipeline.php(209): Illuminate\\Foundation\\Http\\Middleware\\PreventRequestsDuringMaintenance->handle(Object(Illuminate\\Http\\Request), Object(Closure))
#44 /Users/developer2024/Documents/agung/auth_app/auth_be/vendor/laravel/framework/src/Illuminate/Http/Middleware/HandleCors.php(62): Illuminate\\Pipeline\\Pipeline->{closure:{closure:Illuminate\\Pipeline\\Pipeline::carry():184}:185}(Object(Illuminate\\Http\\Request))
#45 /Users/developer2024/Documents/agung/auth_app/auth_be/vendor/laravel/framework/src/Illuminate/Pipeline/Pipeline.php(209): Illuminate\\Http\\Middleware\\HandleCors->handle(Object(Illuminate\\Http\\Request), Object(Closure))
#46 /Users/developer2024/Documents/agung/auth_app/auth_be/vendor/laravel/framework/src/Illuminate/Http/Middleware/TrustProxies.php(58): Illuminate\\Pipeline\\Pipeline->{closure:{closure:Illuminate\\Pipeline\\Pipeline::carry():184}:185}(Object(Illuminate\\Http\\Request))
#47 /Users/developer2024/Documents/agung/auth_app/auth_be/vendor/laravel/framework/src/Illuminate/Pipeline/Pipeline.php(209): Illuminate\\Http\\Middleware\\TrustProxies->handle(Object(Illuminate\\Http\\Request), Object(Closure))
#48 /Users/developer2024/Documents/agung/auth_app/auth_be/vendor/laravel/framework/src/Illuminate/Foundation/Http/Middleware/InvokeDeferredCallbacks.php(22): Illuminate\\Pipeline\\Pipeline->{closure:{closure:Illuminate\\Pipeline\\Pipeline::carry():184}:185}(Object(Illuminate\\Http\\Request))
#49 /Users/developer2024/Documents/agung/auth_app/auth_be/vendor/laravel/framework/src/Illuminate/Pipeline/Pipeline.php(209): Illuminate\\Foundation\\Http\\Middleware\\InvokeDeferredCallbacks->handle(Object(Illuminate\\Http\\Request), Object(Closure))
#50 /Users/developer2024/Documents/agung/auth_app/auth_be/vendor/laravel/framework/src/Illuminate/Pipeline/Pipeline.php(127): Illuminate\\Pipeline\\Pipeline->{closure:{closure:Illuminate\\Pipeline\\Pipeline::carry():184}:185}(Object(Illuminate\\Http\\Request))
#51 /Users/developer2024/Documents/agung/auth_app/auth_be/vendor/laravel/framework/src/Illuminate/Foundation/Http/Kernel.php(176): Illuminate\\Pipeline\\Pipeline->then(Object(Closure))
#52 /Users/developer2024/Documents/agung/auth_app/auth_be/vendor/laravel/framework/src/Illuminate/Foundation/Http/Kernel.php(145): Illuminate\\Foundation\\Http\\Kernel->sendRequestThroughRouter(Object(Illuminate\\Http\\Request))
#53 /Users/developer2024/Documents/agung/auth_app/auth_be/vendor/laravel/framework/src/Illuminate/Foundation/Application.php(1193): Illuminate\\Foundation\\Http\\Kernel->handle(Object(Illuminate\\Http\\Request))
#54 /Users/developer2024/Documents/agung/auth_app/auth_be/public/index.php(17): Illuminate\\Foundation\\Application->handleRequest(Object(Illuminate\\Http\\Request))
#55 /Users/developer2024/Documents/agung/auth_app/auth_be/vendor/laravel/framework/src/Illuminate/Foundation/resources/server.php(23): require_once('/Users/develope...')
#56 {main}
"} 
[2025-01-18 03:26:20] local.ERROR: SQLSTATE[HY000] [1049] Unknown database 'auth_app' (Connection: mysql, SQL: select count(*) as aggregate from `users` where `email` = test@gmail.com) {"exception":"[object] (Illuminate\\Database\\QueryException(code: 1049): SQLSTATE[HY000] [1049] Unknown database 'auth_app' (Connection: mysql, SQL: select count(*) as aggregate from `users` where `email` = test@gmail.com) at /Users/developer2024/Documents/agung/auth_app/auth_be/vendor/laravel/framework/src/Illuminate/Database/Connection.php:825)
[stacktrace]
#0 /Users/developer2024/Documents/agung/auth_app/auth_be/vendor/laravel/framework/src/Illuminate/Database/Connection.php(779): Illuminate\\Database\\Connection->runQueryCallback('select count(*)...', Array, Object(Closure))
#1 /Users/developer2024/Documents/agung/auth_app/auth_be/vendor/laravel/framework/src/Illuminate/Database/Connection.php(398): Illuminate\\Database\\Connection->run('select count(*)...', Array, Object(Closure))
#2 /Users/developer2024/Documents/agung/auth_app/auth_be/vendor/laravel/framework/src/Illuminate/Database/Query/Builder.php(3133): Illuminate\\Database\\Connection->select('select count(*)...', Array, false)
#3 /Users/developer2024/Documents/agung/auth_app/auth_be/vendor/laravel/framework/src/Illuminate/Database/Query/Builder.php(3118): Illuminate\\Database\\Query\\Builder->runSelect()
#4 /Users/developer2024/Documents/agung/auth_app/auth_be/vendor/laravel/framework/src/Illuminate/Database/Query/Builder.php(3706): Illuminate\\Database\\Query\\Builder->{closure:Illuminate\\Database\\Query\\Builder::get():3117}()
#5 /Users/developer2024/Documents/agung/auth_app/auth_be/vendor/laravel/framework/src/Illuminate/Database/Query/Builder.php(3117): Illuminate\\Database\\Query\\Builder->onceWithColumns(Array, Object(Closure))
#6 /Users/developer2024/Documents/agung/auth_app/auth_be/vendor/laravel/framework/src/Illuminate/Database/Query/Builder.php(3633): Illuminate\\Database\\Query\\Builder->get(Array)
#7 /Users/developer2024/Documents/agung/auth_app/auth_be/vendor/laravel/framework/src/Illuminate/Database/Query/Builder.php(3561): Illuminate\\Database\\Query\\Builder->aggregate('count', Array)
#8 /Users/developer2024/Documents/agung/auth_app/auth_be/vendor/laravel/framework/src/Illuminate/Validation/DatabasePresenceVerifier.php(54): Illuminate\\Database\\Query\\Builder->count()
#9 /Users/developer2024/Documents/agung/auth_app/auth_be/vendor/laravel/framework/src/Illuminate/Validation/Concerns/ValidatesAttributes.php(1027): Illuminate\\Validation\\DatabasePresenceVerifier->getCount('users', 'email', 'test@gmail.com', NULL, NULL, Array)
#10 /Users/developer2024/Documents/agung/auth_app/auth_be/vendor/laravel/framework/src/Illuminate/Validation/Validator.php(682): Illuminate\\Validation\\Validator->validateUnique('email', 'test@gmail.com', Array, Object(Illuminate\\Validation\\Validator))
#11 /Users/developer2024/Documents/agung/auth_app/auth_be/vendor/laravel/framework/src/Illuminate/Validation/Validator.php(477): Illuminate\\Validation\\Validator->validateAttribute('email', 'Unique')
#12 /Users/developer2024/Documents/agung/auth_app/auth_be/vendor/laravel/framework/src/Illuminate/Validation/Validator.php(512): Illuminate\\Validation\\Validator->passes()
#13 /Users/developer2024/Documents/agung/auth_app/auth_be/app/Http/Controllers/API/AuthController.php(26): Illuminate\\Validation\\Validator->fails()
#14 /Users/developer2024/Documents/agung/auth_app/auth_be/vendor/laravel/framework/src/Illuminate/Routing/ControllerDispatcher.php(47): App\\Http\\Controllers\\API\\AuthController->register()
#15 /Users/developer2024/Documents/agung/auth_app/auth_be/vendor/laravel/framework/src/Illuminate/Routing/Route.php(266): Illuminate\\Routing\\ControllerDispatcher->dispatch(Object(Illuminate\\Routing\\Route), Object(App\\Http\\Controllers\\API\\AuthController), 'register')
#16 /Users/developer2024/Documents/agung/auth_app/auth_be/vendor/laravel/framework/src/Illuminate/Routing/Route.php(212): Illuminate\\Routing\\Route->runController()
#17 /Users/developer2024/Documents/agung/auth_app/auth_be/vendor/laravel/framework/src/Illuminate/Routing/Router.php(808): Illuminate\\Routing\\Route->run()
#18 /Users/developer2024/Documents/agung/auth_app/auth_be/vendor/laravel/framework/src/Illuminate/Pipeline/Pipeline.php(170): Illuminate\\Routing\\Router->{closure:Illuminate\\Routing\\Router::runRouteWithinStack():807}(Object(Illuminate\\Http\\Request))
#19 /Users/developer2024/Documents/agung/auth_app/auth_be/vendor/laravel/framework/src/Illuminate/Routing/Middleware/SubstituteBindings.php(51): Illuminate\\Pipeline\\Pipeline->{closure:Illuminate\\Pipeline\\Pipeline::prepareDestination():168}(Object(Illuminate\\Http\\Request))
#20 /Users/developer2024/Documents/agung/auth_app/auth_be/vendor/laravel/framework/src/Illuminate/Pipeline/Pipeline.php(209): Illuminate\\Routing\\Middleware\\SubstituteBindings->handle(Object(Illuminate\\Http\\Request), Object(Closure))
#21 /Users/developer2024/Documents/agung/auth_app/auth_be/vendor/laravel/framework/src/Illuminate/Pipeline/Pipeline.php(127): Illuminate\\Pipeline\\Pipeline->{closure:{closure:Illuminate\\Pipeline\\Pipeline::carry():184}:185}(Object(Illuminate\\Http\\Request))
#22 /Users/developer2024/Documents/agung/auth_app/auth_be/vendor/laravel/framework/src/Illuminate/Routing/Router.php(807): Illuminate\\Pipeline\\Pipeline->then(Object(Closure))
#23 /Users/developer2024/Documents/agung/auth_app/auth_be/vendor/laravel/framework/src/Illuminate/Routing/Router.php(786): Illuminate\\Routing\\Router->runRouteWithinStack(Object(Illuminate\\Routing\\Route), Object(Illuminate\\Http\\Request))
#24 /Users/developer2024/Documents/agung/auth_app/auth_be/vendor/laravel/framework/src/Illuminate/Routing/Router.php(750): Illuminate\\Routing\\Router->runRoute(Object(Illuminate\\Http\\Request), Object(Illuminate\\Routing\\Route))
#25 /Users/developer2024/Documents/agung/auth_app/auth_be/vendor/laravel/framework/src/Illuminate/Routing/Router.php(739): Illuminate\\Routing\\Router->dispatchToRoute(Object(Illuminate\\Http\\Request))
#26 /Users/developer2024/Documents/agung/auth_app/auth_be/vendor/laravel/framework/src/Illuminate/Foundation/Http/Kernel.php(201): Illuminate\\Routing\\Router->dispatch(Object(Illuminate\\Http\\Request))
#27 /Users/developer2024/Documents/agung/auth_app/auth_be/vendor/laravel/framework/src/Illuminate/Pipeline/Pipeline.php(170): Illuminate\\Foundation\\Http\\Kernel->{closure:Illuminate\\Foundation\\Http\\Kernel::dispatchToRouter():198}(Object(Illuminate\\Http\\Request))
#28 /Users/developer2024/Documents/agung/auth_app/auth_be/vendor/laravel/framework/src/Illuminate/Foundation/Http/Middleware/TransformsRequest.php(21): Illuminate\\Pipeline\\Pipeline->{closure:Illuminate\\Pipeline\\Pipeline::prepareDestination():168}(Object(Illuminate\\Http\\Request))
#29 /Users/developer2024/Documents/agung/auth_app/auth_be/vendor/laravel/framework/src/Illuminate/Foundation/Http/Middleware/ConvertEmptyStringsToNull.php(31): Illuminate\\Foundation\\Http\\Middleware\\TransformsRequest->handle(Object(Illuminate\\Http\\Request), Object(Closure))
#30 /Users/developer2024/Documents/agung/auth_app/auth_be/vendor/laravel/framework/src/Illuminate/Pipeline/Pipeline.php(209): Illuminate\\Foundation\\Http\\Middleware\\ConvertEmptyStringsToNull->handle(Object(Illuminate\\Http\\Request), Object(Closure))
#31 /Users/developer2024/Documents/agung/auth_app/auth_be/vendor/laravel/framework/src/Illuminate/Foundation/Http/Middleware/TransformsRequest.php(21): Illuminate\\Pipeline\\Pipeline->{closure:{closure:Illuminate\\Pipeline\\Pipeline::carry():184}:185}(Object(Illuminate\\Http\\Request))
#32 /Users/developer2024/Documents/agung/auth_app/auth_be/vendor/laravel/framework/src/Illuminate/Foundation/Http/Middleware/TrimStrings.php(51): Illuminate\\Foundation\\Http\\Middleware\\TransformsRequest->handle(Object(Illuminate\\Http\\Request), Object(Closure))
#33 /Users/developer2024/Documents/agung/auth_app/auth_be/vendor/laravel/framework/src/Illuminate/Pipeline/Pipeline.php(209): Illuminate\\Foundation\\Http\\Middleware\\TrimStrings->handle(Object(Illuminate\\Http\\Request), Object(Closure))
#34 /Users/developer2024/Documents/agung/auth_app/auth_be/vendor/laravel/framework/src/Illuminate/Http/Middleware/ValidatePostSize.php(27): Illuminate\\Pipeline\\Pipeline->{closure:{closure:Illuminate\\Pipeline\\Pipeline::carry():184}:185}(Object(Illuminate\\Http\\Request))
#35 /Users/developer2024/Documents/agung/auth_app/auth_be/vendor/laravel/framework/src/Illuminate/Pipeline/Pipeline.php(209): Illuminate\\Http\\Middleware\\ValidatePostSize->handle(Object(Illuminate\\Http\\Request), Object(Closure))
#36 /Users/developer2024/Documents/agung/auth_app/auth_be/vendor/laravel/framework/src/Illuminate/Foundation/Http/Middleware/PreventRequestsDuringMaintenance.php(110): Illuminate\\Pipeline\\Pipeline->{closure:{closure:Illuminate\\Pipeline\\Pipeline::carry():184}:185}(Object(Illuminate\\Http\\Request))
#37 /Users/developer2024/Documents/agung/auth_app/auth_be/vendor/laravel/framework/src/Illuminate/Pipeline/Pipeline.php(209): Illuminate\\Foundation\\Http\\Middleware\\PreventRequestsDuringMaintenance->handle(Object(Illuminate\\Http\\Request), Object(Closure))
#38 /Users/developer2024/Documents/agung/auth_app/auth_be/vendor/laravel/framework/src/Illuminate/Http/Middleware/HandleCors.php(62): Illuminate\\Pipeline\\Pipeline->{closure:{closure:Illuminate\\Pipeline\\Pipeline::carry():184}:185}(Object(Illuminate\\Http\\Request))
#39 /Users/developer2024/Documents/agung/auth_app/auth_be/vendor/laravel/framework/src/Illuminate/Pipeline/Pipeline.php(209): Illuminate\\Http\\Middleware\\HandleCors->handle(Object(Illuminate\\Http\\Request), Object(Closure))
#40 /Users/developer2024/Documents/agung/auth_app/auth_be/vendor/laravel/framework/src/Illuminate/Http/Middleware/TrustProxies.php(58): Illuminate\\Pipeline\\Pipeline->{closure:{closure:Illuminate\\Pipeline\\Pipeline::carry():184}:185}(Object(Illuminate\\Http\\Request))
#41 /Users/developer2024/Documents/agung/auth_app/auth_be/vendor/laravel/framework/src/Illuminate/Pipeline/Pipeline.php(209): Illuminate\\Http\\Middleware\\TrustProxies->handle(Object(Illuminate\\Http\\Request), Object(Closure))
#42 /Users/developer2024/Documents/agung/auth_app/auth_be/vendor/laravel/framework/src/Illuminate/Foundation/Http/Middleware/InvokeDeferredCallbacks.php(22): Illuminate\\Pipeline\\Pipeline->{closure:{closure:Illuminate\\Pipeline\\Pipeline::carry():184}:185}(Object(Illuminate\\Http\\Request))
#43 /Users/developer2024/Documents/agung/auth_app/auth_be/vendor/laravel/framework/src/Illuminate/Pipeline/Pipeline.php(209): Illuminate\\Foundation\\Http\\Middleware\\InvokeDeferredCallbacks->handle(Object(Illuminate\\Http\\Request), Object(Closure))
#44 /Users/developer2024/Documents/agung/auth_app/auth_be/vendor/laravel/framework/src/Illuminate/Pipeline/Pipeline.php(127): Illuminate\\Pipeline\\Pipeline->{closure:{closure:Illuminate\\Pipeline\\Pipeline::carry():184}:185}(Object(Illuminate\\Http\\Request))
#45 /Users/developer2024/Documents/agung/auth_app/auth_be/vendor/laravel/framework/src/Illuminate/Foundation/Http/Kernel.php(176): Illuminate\\Pipeline\\Pipeline->then(Object(Closure))
#46 /Users/developer2024/Documents/agung/auth_app/auth_be/vendor/laravel/framework/src/Illuminate/Foundation/Http/Kernel.php(145): Illuminate\\Foundation\\Http\\Kernel->sendRequestThroughRouter(Object(Illuminate\\Http\\Request))
#47 /Users/developer2024/Documents/agung/auth_app/auth_be/vendor/laravel/framework/src/Illuminate/Foundation/Application.php(1193): Illuminate\\Foundation\\Http\\Kernel->handle(Object(Illuminate\\Http\\Request))
#48 /Users/developer2024/Documents/agung/auth_app/auth_be/public/index.php(17): Illuminate\\Foundation\\Application->handleRequest(Object(Illuminate\\Http\\Request))
#49 /Users/developer2024/Documents/agung/auth_app/auth_be/vendor/laravel/framework/src/Illuminate/Foundation/resources/server.php(23): require_once('/Users/develope...')
#50 {main}

[previous exception] [object] (PDOException(code: 1049): SQLSTATE[HY000] [1049] Unknown database 'auth_app' at /Users/developer2024/Documents/agung/auth_app/auth_be/vendor/laravel/framework/src/Illuminate/Database/Connectors/Connector.php:67)
[stacktrace]
#0 /Users/developer2024/Documents/agung/auth_app/auth_be/vendor/laravel/framework/src/Illuminate/Database/Connectors/Connector.php(67): PDO::connect('mysql:unix_sock...', 'root', Object(SensitiveParameterValue), Array)
#1 /Users/developer2024/Documents/agung/auth_app/auth_be/vendor/laravel/framework/src/Illuminate/Database/Connectors/Connector.php(44): Illuminate\\Database\\Connectors\\Connector->createPdoConnection('mysql:unix_sock...', 'root', Object(SensitiveParameterValue), Array)
#2 /Users/developer2024/Documents/agung/auth_app/auth_be/vendor/laravel/framework/src/Illuminate/Database/Connectors/MySqlConnector.php(24): Illuminate\\Database\\Connectors\\Connector->createConnection('mysql:unix_sock...', Array, Array)
#3 /Users/developer2024/Documents/agung/auth_app/auth_be/vendor/laravel/framework/src/Illuminate/Database/Connectors/ConnectionFactory.php(185): Illuminate\\Database\\Connectors\\MySqlConnector->connect(Array)
#4 [internal function]: Illuminate\\Database\\Connectors\\ConnectionFactory->{closure:Illuminate\\Database\\Connectors\\ConnectionFactory::createPdoResolverWithHosts():180}()
#5 /Users/developer2024/Documents/agung/auth_app/auth_be/vendor/laravel/framework/src/Illuminate/Database/Connection.php(1231): call_user_func(Object(Closure))
#6 /Users/developer2024/Documents/agung/auth_app/auth_be/vendor/laravel/framework/src/Illuminate/Database/Connection.php(512): Illuminate\\Database\\Connection->getPdo()
#7 /Users/developer2024/Documents/agung/auth_app/auth_be/vendor/laravel/framework/src/Illuminate/Database/Connection.php(407): Illuminate\\Database\\Connection->getPdoForSelect(false)
#8 /Users/developer2024/Documents/agung/auth_app/auth_be/vendor/laravel/framework/src/Illuminate/Database/Connection.php(812): Illuminate\\Database\\Connection->{closure:Illuminate\\Database\\Connection::select():398}('select count(*)...', Array)
#9 /Users/developer2024/Documents/agung/auth_app/auth_be/vendor/laravel/framework/src/Illuminate/Database/Connection.php(779): Illuminate\\Database\\Connection->runQueryCallback('select count(*)...', Array, Object(Closure))
#10 /Users/developer2024/Documents/agung/auth_app/auth_be/vendor/laravel/framework/src/Illuminate/Database/Connection.php(398): Illuminate\\Database\\Connection->run('select count(*)...', Array, Object(Closure))
#11 /Users/developer2024/Documents/agung/auth_app/auth_be/vendor/laravel/framework/src/Illuminate/Database/Query/Builder.php(3133): Illuminate\\Database\\Connection->select('select count(*)...', Array, false)
#12 /Users/developer2024/Documents/agung/auth_app/auth_be/vendor/laravel/framework/src/Illuminate/Database/Query/Builder.php(3118): Illuminate\\Database\\Query\\Builder->runSelect()
#13 /Users/developer2024/Documents/agung/auth_app/auth_be/vendor/laravel/framework/src/Illuminate/Database/Query/Builder.php(3706): Illuminate\\Database\\Query\\Builder->{closure:Illuminate\\Database\\Query\\Builder::get():3117}()
#14 /Users/developer2024/Documents/agung/auth_app/auth_be/vendor/laravel/framework/src/Illuminate/Database/Query/Builder.php(3117): Illuminate\\Database\\Query\\Builder->onceWithColumns(Array, Object(Closure))
#15 /Users/developer2024/Documents/agung/auth_app/auth_be/vendor/laravel/framework/src/Illuminate/Database/Query/Builder.php(3633): Illuminate\\Database\\Query\\Builder->get(Array)
#16 /Users/developer2024/Documents/agung/auth_app/auth_be/vendor/laravel/framework/src/Illuminate/Database/Query/Builder.php(3561): Illuminate\\Database\\Query\\Builder->aggregate('count', Array)
#17 /Users/developer2024/Documents/agung/auth_app/auth_be/vendor/laravel/framework/src/Illuminate/Validation/DatabasePresenceVerifier.php(54): Illuminate\\Database\\Query\\Builder->count()
#18 /Users/developer2024/Documents/agung/auth_app/auth_be/vendor/laravel/framework/src/Illuminate/Validation/Concerns/ValidatesAttributes.php(1027): Illuminate\\Validation\\DatabasePresenceVerifier->getCount('users', 'email', 'test@gmail.com', NULL, NULL, Array)
#19 /Users/developer2024/Documents/agung/auth_app/auth_be/vendor/laravel/framework/src/Illuminate/Validation/Validator.php(682): Illuminate\\Validation\\Validator->validateUnique('email', 'test@gmail.com', Array, Object(Illuminate\\Validation\\Validator))
#20 /Users/developer2024/Documents/agung/auth_app/auth_be/vendor/laravel/framework/src/Illuminate/Validation/Validator.php(477): Illuminate\\Validation\\Validator->validateAttribute('email', 'Unique')
#21 /Users/developer2024/Documents/agung/auth_app/auth_be/vendor/laravel/framework/src/Illuminate/Validation/Validator.php(512): Illuminate\\Validation\\Validator->passes()
#22 /Users/developer2024/Documents/agung/auth_app/auth_be/app/Http/Controllers/API/AuthController.php(26): Illuminate\\Validation\\Validator->fails()
#23 /Users/developer2024/Documents/agung/auth_app/auth_be/vendor/laravel/framework/src/Illuminate/Routing/ControllerDispatcher.php(47): App\\Http\\Controllers\\API\\AuthController->register()
#24 /Users/developer2024/Documents/agung/auth_app/auth_be/vendor/laravel/framework/src/Illuminate/Routing/Route.php(266): Illuminate\\Routing\\ControllerDispatcher->dispatch(Object(Illuminate\\Routing\\Route), Object(App\\Http\\Controllers\\API\\AuthController), 'register')
#25 /Users/developer2024/Documents/agung/auth_app/auth_be/vendor/laravel/framework/src/Illuminate/Routing/Route.php(212): Illuminate\\Routing\\Route->runController()
#26 /Users/developer2024/Documents/agung/auth_app/auth_be/vendor/laravel/framework/src/Illuminate/Routing/Router.php(808): Illuminate\\Routing\\Route->run()
#27 /Users/developer2024/Documents/agung/auth_app/auth_be/vendor/laravel/framework/src/Illuminate/Pipeline/Pipeline.php(170): Illuminate\\Routing\\Router->{closure:Illuminate\\Routing\\Router::runRouteWithinStack():807}(Object(Illuminate\\Http\\Request))
#28 /Users/developer2024/Documents/agung/auth_app/auth_be/vendor/laravel/framework/src/Illuminate/Routing/Middleware/SubstituteBindings.php(51): Illuminate\\Pipeline\\Pipeline->{closure:Illuminate\\Pipeline\\Pipeline::prepareDestination():168}(Object(Illuminate\\Http\\Request))
#29 /Users/developer2024/Documents/agung/auth_app/auth_be/vendor/laravel/framework/src/Illuminate/Pipeline/Pipeline.php(209): Illuminate\\Routing\\Middleware\\SubstituteBindings->handle(Object(Illuminate\\Http\\Request), Object(Closure))
#30 /Users/developer2024/Documents/agung/auth_app/auth_be/vendor/laravel/framework/src/Illuminate/Pipeline/Pipeline.php(127): Illuminate\\Pipeline\\Pipeline->{closure:{closure:Illuminate\\Pipeline\\Pipeline::carry():184}:185}(Object(Illuminate\\Http\\Request))
#31 /Users/developer2024/Documents/agung/auth_app/auth_be/vendor/laravel/framework/src/Illuminate/Routing/Router.php(807): Illuminate\\Pipeline\\Pipeline->then(Object(Closure))
#32 /Users/developer2024/Documents/agung/auth_app/auth_be/vendor/laravel/framework/src/Illuminate/Routing/Router.php(786): Illuminate\\Routing\\Router->runRouteWithinStack(Object(Illuminate\\Routing\\Route), Object(Illuminate\\Http\\Request))
#33 /Users/developer2024/Documents/agung/auth_app/auth_be/vendor/laravel/framework/src/Illuminate/Routing/Router.php(750): Illuminate\\Routing\\Router->runRoute(Object(Illuminate\\Http\\Request), Object(Illuminate\\Routing\\Route))
#34 /Users/developer2024/Documents/agung/auth_app/auth_be/vendor/laravel/framework/src/Illuminate/Routing/Router.php(739): Illuminate\\Routing\\Router->dispatchToRoute(Object(Illuminate\\Http\\Request))
#35 /Users/developer2024/Documents/agung/auth_app/auth_be/vendor/laravel/framework/src/Illuminate/Foundation/Http/Kernel.php(201): Illuminate\\Routing\\Router->dispatch(Object(Illuminate\\Http\\Request))
#36 /Users/developer2024/Documents/agung/auth_app/auth_be/vendor/laravel/framework/src/Illuminate/Pipeline/Pipeline.php(170): Illuminate\\Foundation\\Http\\Kernel->{closure:Illuminate\\Foundation\\Http\\Kernel::dispatchToRouter():198}(Object(Illuminate\\Http\\Request))
#37 /Users/developer2024/Documents/agung/auth_app/auth_be/vendor/laravel/framework/src/Illuminate/Foundation/Http/Middleware/TransformsRequest.php(21): Illuminate\\Pipeline\\Pipeline->{closure:Illuminate\\Pipeline\\Pipeline::prepareDestination():168}(Object(Illuminate\\Http\\Request))
#38 /Users/developer2024/Documents/agung/auth_app/auth_be/vendor/laravel/framework/src/Illuminate/Foundation/Http/Middleware/ConvertEmptyStringsToNull.php(31): Illuminate\\Foundation\\Http\\Middleware\\TransformsRequest->handle(Object(Illuminate\\Http\\Request), Object(Closure))
#39 /Users/developer2024/Documents/agung/auth_app/auth_be/vendor/laravel/framework/src/Illuminate/Pipeline/Pipeline.php(209): Illuminate\\Foundation\\Http\\Middleware\\ConvertEmptyStringsToNull->handle(Object(Illuminate\\Http\\Request), Object(Closure))
#40 /Users/developer2024/Documents/agung/auth_app/auth_be/vendor/laravel/framework/src/Illuminate/Foundation/Http/Middleware/TransformsRequest.php(21): Illuminate\\Pipeline\\Pipeline->{closure:{closure:Illuminate\\Pipeline\\Pipeline::carry():184}:185}(Object(Illuminate\\Http\\Request))
#41 /Users/developer2024/Documents/agung/auth_app/auth_be/vendor/laravel/framework/src/Illuminate/Foundation/Http/Middleware/TrimStrings.php(51): Illuminate\\Foundation\\Http\\Middleware\\TransformsRequest->handle(Object(Illuminate\\Http\\Request), Object(Closure))
#42 /Users/developer2024/Documents/agung/auth_app/auth_be/vendor/laravel/framework/src/Illuminate/Pipeline/Pipeline.php(209): Illuminate\\Foundation\\Http\\Middleware\\TrimStrings->handle(Object(Illuminate\\Http\\Request), Object(Closure))
#43 /Users/developer2024/Documents/agung/auth_app/auth_be/vendor/laravel/framework/src/Illuminate/Http/Middleware/ValidatePostSize.php(27): Illuminate\\Pipeline\\Pipeline->{closure:{closure:Illuminate\\Pipeline\\Pipeline::carry():184}:185}(Object(Illuminate\\Http\\Request))
#44 /Users/developer2024/Documents/agung/auth_app/auth_be/vendor/laravel/framework/src/Illuminate/Pipeline/Pipeline.php(209): Illuminate\\Http\\Middleware\\ValidatePostSize->handle(Object(Illuminate\\Http\\Request), Object(Closure))
#45 /Users/developer2024/Documents/agung/auth_app/auth_be/vendor/laravel/framework/src/Illuminate/Foundation/Http/Middleware/PreventRequestsDuringMaintenance.php(110): Illuminate\\Pipeline\\Pipeline->{closure:{closure:Illuminate\\Pipeline\\Pipeline::carry():184}:185}(Object(Illuminate\\Http\\Request))
#46 /Users/developer2024/Documents/agung/auth_app/auth_be/vendor/laravel/framework/src/Illuminate/Pipeline/Pipeline.php(209): Illuminate\\Foundation\\Http\\Middleware\\PreventRequestsDuringMaintenance->handle(Object(Illuminate\\Http\\Request), Object(Closure))
#47 /Users/developer2024/Documents/agung/auth_app/auth_be/vendor/laravel/framework/src/Illuminate/Http/Middleware/HandleCors.php(62): Illuminate\\Pipeline\\Pipeline->{closure:{closure:Illuminate\\Pipeline\\Pipeline::carry():184}:185}(Object(Illuminate\\Http\\Request))
#48 /Users/developer2024/Documents/agung/auth_app/auth_be/vendor/laravel/framework/src/Illuminate/Pipeline/Pipeline.php(209): Illuminate\\Http\\Middleware\\HandleCors->handle(Object(Illuminate\\Http\\Request), Object(Closure))
#49 /Users/developer2024/Documents/agung/auth_app/auth_be/vendor/laravel/framework/src/Illuminate/Http/Middleware/TrustProxies.php(58): Illuminate\\Pipeline\\Pipeline->{closure:{closure:Illuminate\\Pipeline\\Pipeline::carry():184}:185}(Object(Illuminate\\Http\\Request))
#50 /Users/developer2024/Documents/agung/auth_app/auth_be/vendor/laravel/framework/src/Illuminate/Pipeline/Pipeline.php(209): Illuminate\\Http\\Middleware\\TrustProxies->handle(Object(Illuminate\\Http\\Request), Object(Closure))
#51 /Users/developer2024/Documents/agung/auth_app/auth_be/vendor/laravel/framework/src/Illuminate/Foundation/Http/Middleware/InvokeDeferredCallbacks.php(22): Illuminate\\Pipeline\\Pipeline->{closure:{closure:Illuminate\\Pipeline\\Pipeline::carry():184}:185}(Object(Illuminate\\Http\\Request))
#52 /Users/developer2024/Documents/agung/auth_app/auth_be/vendor/laravel/framework/src/Illuminate/Pipeline/Pipeline.php(209): Illuminate\\Foundation\\Http\\Middleware\\InvokeDeferredCallbacks->handle(Object(Illuminate\\Http\\Request), Object(Closure))
#53 /Users/developer2024/Documents/agung/auth_app/auth_be/vendor/laravel/framework/src/Illuminate/Pipeline/Pipeline.php(127): Illuminate\\Pipeline\\Pipeline->{closure:{closure:Illuminate\\Pipeline\\Pipeline::carry():184}:185}(Object(Illuminate\\Http\\Request))
#54 /Users/developer2024/Documents/agung/auth_app/auth_be/vendor/laravel/framework/src/Illuminate/Foundation/Http/Kernel.php(176): Illuminate\\Pipeline\\Pipeline->then(Object(Closure))
#55 /Users/developer2024/Documents/agung/auth_app/auth_be/vendor/laravel/framework/src/Illuminate/Foundation/Http/Kernel.php(145): Illuminate\\Foundation\\Http\\Kernel->sendRequestThroughRouter(Object(Illuminate\\Http\\Request))
#56 /Users/developer2024/Documents/agung/auth_app/auth_be/vendor/laravel/framework/src/Illuminate/Foundation/Application.php(1193): Illuminate\\Foundation\\Http\\Kernel->handle(Object(Illuminate\\Http\\Request))
#57 /Users/developer2024/Documents/agung/auth_app/auth_be/public/index.php(17): Illuminate\\Foundation\\Application->handleRequest(Object(Illuminate\\Http\\Request))
#58 /Users/developer2024/Documents/agung/auth_app/auth_be/vendor/laravel/framework/src/Illuminate/Foundation/resources/server.php(23): require_once('/Users/develope...')
#59 {main}
"} 
[2025-01-18 05:12:45] local.ERROR: Attempt to read property "email" on null {"exception":"[object] (ErrorException(code: 0): Attempt to read property \"email\" on null at /Users/developer2024/Documents/agung/auth_app/auth_be/app/Http/Controllers/API/AuthController.php:51)
[stacktrace]
#0 /Users/developer2024/Documents/agung/auth_app/auth_be/vendor/laravel/framework/src/Illuminate/Foundation/Bootstrap/HandleExceptions.php(290): Illuminate\\Foundation\\Bootstrap\\HandleExceptions->handleError(2, 'Attempt to read...', '/Users/develope...', 51)
#1 /Users/developer2024/Documents/agung/auth_app/auth_be/app/Http/Controllers/API/AuthController.php(51): Illuminate\\Foundation\\Bootstrap\\HandleExceptions->{closure:Illuminate\\Foundation\\Bootstrap\\HandleExceptions::forwardsTo():289}(2, 'Attempt to read...', '/Users/develope...', 51)
#2 /Users/developer2024/Documents/agung/auth_app/auth_be/vendor/laravel/framework/src/Illuminate/Routing/ControllerDispatcher.php(47): App\\Http\\Controllers\\API\\AuthController->login()
#3 /Users/developer2024/Documents/agung/auth_app/auth_be/vendor/laravel/framework/src/Illuminate/Routing/Route.php(266): Illuminate\\Routing\\ControllerDispatcher->dispatch(Object(Illuminate\\Routing\\Route), Object(App\\Http\\Controllers\\API\\AuthController), 'login')
#4 /Users/developer2024/Documents/agung/auth_app/auth_be/vendor/laravel/framework/src/Illuminate/Routing/Route.php(212): Illuminate\\Routing\\Route->runController()
#5 /Users/developer2024/Documents/agung/auth_app/auth_be/vendor/laravel/framework/src/Illuminate/Routing/Router.php(808): Illuminate\\Routing\\Route->run()
#6 /Users/developer2024/Documents/agung/auth_app/auth_be/vendor/laravel/framework/src/Illuminate/Pipeline/Pipeline.php(170): Illuminate\\Routing\\Router->{closure:Illuminate\\Routing\\Router::runRouteWithinStack():807}(Object(Illuminate\\Http\\Request))
#7 /Users/developer2024/Documents/agung/auth_app/auth_be/vendor/laravel/framework/src/Illuminate/Routing/Middleware/SubstituteBindings.php(51): Illuminate\\Pipeline\\Pipeline->{closure:Illuminate\\Pipeline\\Pipeline::prepareDestination():168}(Object(Illuminate\\Http\\Request))
#8 /Users/developer2024/Documents/agung/auth_app/auth_be/vendor/laravel/framework/src/Illuminate/Pipeline/Pipeline.php(209): Illuminate\\Routing\\Middleware\\SubstituteBindings->handle(Object(Illuminate\\Http\\Request), Object(Closure))
#9 /Users/developer2024/Documents/agung/auth_app/auth_be/vendor/laravel/framework/src/Illuminate/Pipeline/Pipeline.php(127): Illuminate\\Pipeline\\Pipeline->{closure:{closure:Illuminate\\Pipeline\\Pipeline::carry():184}:185}(Object(Illuminate\\Http\\Request))
#10 /Users/developer2024/Documents/agung/auth_app/auth_be/vendor/laravel/framework/src/Illuminate/Routing/Router.php(807): Illuminate\\Pipeline\\Pipeline->then(Object(Closure))
#11 /Users/developer2024/Documents/agung/auth_app/auth_be/vendor/laravel/framework/src/Illuminate/Routing/Router.php(786): Illuminate\\Routing\\Router->runRouteWithinStack(Object(Illuminate\\Routing\\Route), Object(Illuminate\\Http\\Request))
#12 /Users/developer2024/Documents/agung/auth_app/auth_be/vendor/laravel/framework/src/Illuminate/Routing/Router.php(750): Illuminate\\Routing\\Router->runRoute(Object(Illuminate\\Http\\Request), Object(Illuminate\\Routing\\Route))
#13 /Users/developer2024/Documents/agung/auth_app/auth_be/vendor/laravel/framework/src/Illuminate/Routing/Router.php(739): Illuminate\\Routing\\Router->dispatchToRoute(Object(Illuminate\\Http\\Request))
#14 /Users/developer2024/Documents/agung/auth_app/auth_be/vendor/laravel/framework/src/Illuminate/Foundation/Http/Kernel.php(201): Illuminate\\Routing\\Router->dispatch(Object(Illuminate\\Http\\Request))
#15 /Users/developer2024/Documents/agung/auth_app/auth_be/vendor/laravel/framework/src/Illuminate/Pipeline/Pipeline.php(170): Illuminate\\Foundation\\Http\\Kernel->{closure:Illuminate\\Foundation\\Http\\Kernel::dispatchToRouter():198}(Object(Illuminate\\Http\\Request))
#16 /Users/developer2024/Documents/agung/auth_app/auth_be/vendor/laravel/framework/src/Illuminate/Foundation/Http/Middleware/TransformsRequest.php(21): Illuminate\\Pipeline\\Pipeline->{closure:Illuminate\\Pipeline\\Pipeline::prepareDestination():168}(Object(Illuminate\\Http\\Request))
#17 /Users/developer2024/Documents/agung/auth_app/auth_be/vendor/laravel/framework/src/Illuminate/Foundation/Http/Middleware/ConvertEmptyStringsToNull.php(31): Illuminate\\Foundation\\Http\\Middleware\\TransformsRequest->handle(Object(Illuminate\\Http\\Request), Object(Closure))
#18 /Users/developer2024/Documents/agung/auth_app/auth_be/vendor/laravel/framework/src/Illuminate/Pipeline/Pipeline.php(209): Illuminate\\Foundation\\Http\\Middleware\\ConvertEmptyStringsToNull->handle(Object(Illuminate\\Http\\Request), Object(Closure))
#19 /Users/developer2024/Documents/agung/auth_app/auth_be/vendor/laravel/framework/src/Illuminate/Foundation/Http/Middleware/TransformsRequest.php(21): Illuminate\\Pipeline\\Pipeline->{closure:{closure:Illuminate\\Pipeline\\Pipeline::carry():184}:185}(Object(Illuminate\\Http\\Request))
#20 /Users/developer2024/Documents/agung/auth_app/auth_be/vendor/laravel/framework/src/Illuminate/Foundation/Http/Middleware/TrimStrings.php(51): Illuminate\\Foundation\\Http\\Middleware\\TransformsRequest->handle(Object(Illuminate\\Http\\Request), Object(Closure))
#21 /Users/developer2024/Documents/agung/auth_app/auth_be/vendor/laravel/framework/src/Illuminate/Pipeline/Pipeline.php(209): Illuminate\\Foundation\\Http\\Middleware\\TrimStrings->handle(Object(Illuminate\\Http\\Request), Object(Closure))
#22 /Users/developer2024/Documents/agung/auth_app/auth_be/vendor/laravel/framework/src/Illuminate/Http/Middleware/ValidatePostSize.php(27): Illuminate\\Pipeline\\Pipeline->{closure:{closure:Illuminate\\Pipeline\\Pipeline::carry():184}:185}(Object(Illuminate\\Http\\Request))
#23 /Users/developer2024/Documents/agung/auth_app/auth_be/vendor/laravel/framework/src/Illuminate/Pipeline/Pipeline.php(209): Illuminate\\Http\\Middleware\\ValidatePostSize->handle(Object(Illuminate\\Http\\Request), Object(Closure))
#24 /Users/developer2024/Documents/agung/auth_app/auth_be/vendor/laravel/framework/src/Illuminate/Foundation/Http/Middleware/PreventRequestsDuringMaintenance.php(110): Illuminate\\Pipeline\\Pipeline->{closure:{closure:Illuminate\\Pipeline\\Pipeline::carry():184}:185}(Object(Illuminate\\Http\\Request))
#25 /Users/developer2024/Documents/agung/auth_app/auth_be/vendor/laravel/framework/src/Illuminate/Pipeline/Pipeline.php(209): Illuminate\\Foundation\\Http\\Middleware\\PreventRequestsDuringMaintenance->handle(Object(Illuminate\\Http\\Request), Object(Closure))
#26 /Users/developer2024/Documents/agung/auth_app/auth_be/vendor/laravel/framework/src/Illuminate/Http/Middleware/HandleCors.php(62): Illuminate\\Pipeline\\Pipeline->{closure:{closure:Illuminate\\Pipeline\\Pipeline::carry():184}:185}(Object(Illuminate\\Http\\Request))
#27 /Users/developer2024/Documents/agung/auth_app/auth_be/vendor/laravel/framework/src/Illuminate/Pipeline/Pipeline.php(209): Illuminate\\Http\\Middleware\\HandleCors->handle(Object(Illuminate\\Http\\Request), Object(Closure))
#28 /Users/developer2024/Documents/agung/auth_app/auth_be/vendor/laravel/framework/src/Illuminate/Http/Middleware/TrustProxies.php(58): Illuminate\\Pipeline\\Pipeline->{closure:{closure:Illuminate\\Pipeline\\Pipeline::carry():184}:185}(Object(Illuminate\\Http\\Request))
#29 /Users/developer2024/Documents/agung/auth_app/auth_be/vendor/laravel/framework/src/Illuminate/Pipeline/Pipeline.php(209): Illuminate\\Http\\Middleware\\TrustProxies->handle(Object(Illuminate\\Http\\Request), Object(Closure))
#30 /Users/developer2024/Documents/agung/auth_app/auth_be/vendor/laravel/framework/src/Illuminate/Foundation/Http/Middleware/InvokeDeferredCallbacks.php(22): Illuminate\\Pipeline\\Pipeline->{closure:{closure:Illuminate\\Pipeline\\Pipeline::carry():184}:185}(Object(Illuminate\\Http\\Request))
#31 /Users/developer2024/Documents/agung/auth_app/auth_be/vendor/laravel/framework/src/Illuminate/Pipeline/Pipeline.php(209): Illuminate\\Foundation\\Http\\Middleware\\InvokeDeferredCallbacks->handle(Object(Illuminate\\Http\\Request), Object(Closure))
#32 /Users/developer2024/Documents/agung/auth_app/auth_be/vendor/laravel/framework/src/Illuminate/Pipeline/Pipeline.php(127): Illuminate\\Pipeline\\Pipeline->{closure:{closure:Illuminate\\Pipeline\\Pipeline::carry():184}:185}(Object(Illuminate\\Http\\Request))
#33 /Users/developer2024/Documents/agung/auth_app/auth_be/vendor/laravel/framework/src/Illuminate/Foundation/Http/Kernel.php(176): Illuminate\\Pipeline\\Pipeline->then(Object(Closure))
#34 /Users/developer2024/Documents/agung/auth_app/auth_be/vendor/laravel/framework/src/Illuminate/Foundation/Http/Kernel.php(145): Illuminate\\Foundation\\Http\\Kernel->sendRequestThroughRouter(Object(Illuminate\\Http\\Request))
#35 /Users/developer2024/Documents/agung/auth_app/auth_be/vendor/laravel/framework/src/Illuminate/Foundation/Application.php(1193): Illuminate\\Foundation\\Http\\Kernel->handle(Object(Illuminate\\Http\\Request))
#36 /Users/developer2024/Documents/agung/auth_app/auth_be/public/index.php(17): Illuminate\\Foundation\\Application->handleRequest(Object(Illuminate\\Http\\Request))
#37 /Users/developer2024/Documents/agung/auth_app/auth_be/vendor/laravel/framework/src/Illuminate/Foundation/resources/server.php(23): require_once('/Users/develope...')
#38 {main}
"} 
